This file contains any messages produced by compilers while
running configure, to aid debugging if configure makes a mistake.

It was created by ddd configure 3.3.12, which was
generated by GNU Autoconf 2.61.  Invocation command line was

  $ ./configure 

## --------- ##
## Platform. ##
## --------- ##

hostname = trevor-dell
uname -m = x86_64
uname -r = 5.0.0-37-generic
uname -s = Linux
uname -v = #40-Ubuntu SMP Thu Nov 14 00:14:01 UTC 2019

/usr/bin/uname -p = x86_64
/bin/uname -X     = unknown

/bin/arch              = x86_64
/usr/bin/arch -k       = unknown
/usr/convex/getsysinfo = unknown
/usr/bin/hostinfo      = unknown
/bin/machine           = unknown
/usr/bin/oslevel       = unknown
/bin/universe          = unknown

PATH: /home/trevorba/.sdkman/candidates/gradle/current/bin
PATH: /home/trevorba/anaconda3/bin
PATH: /home/trevorba/.local/bin
PATH: /usr/local/sbin
PATH: /usr/local/bin
PATH: /usr/sbin
PATH: /usr/bin
PATH: /sbin
PATH: /bin
PATH: /usr/games
PATH: /usr/local/games
PATH: /snap/bin
PATH: /home/trevorba/Android/Sdk/emulator
PATH: /home/trevorba/Android/Sdk/tools
PATH: /home/trevorba/Android/Sdk/tools/bin
PATH: /home/trevorba/Android/Sdk/platform-tools


## ----------- ##
## Core tests. ##
## ----------- ##

configure:2059: checking for product name
configure:2065: result: ddd 3.3.12 "Dale Head"
configure:2067: checking for expiration date
configure:2070: result: no
configure:2119: checking build system type
configure:2137: result: x86_64-unknown-linux-gnu
configure:2159: checking host system type
configure:2174: result: x86_64-unknown-linux-gnu
configure:2196: checking target system type
configure:2211: result: x86_64-unknown-linux-gnu
configure:2267: checking for a BSD-compatible install
configure:2323: result: /usr/bin/install -c
configure:2334: checking whether build environment is sane
configure:2377: result: yes
configure:2392: checking for a thread-safe mkdir -p
configure:2431: result: /usr/bin/mkdir -p
configure:2444: checking for gawk
configure:2474: result: no
configure:2444: checking for mawk
configure:2460: found /usr/bin/mawk
configure:2471: result: mawk
configure:2482: checking whether make sets $(MAKE)
configure:2503: result: yes
configure:2691: checking whether make sets $(MAKE)
configure:2712: result: yes
configure:2725: checking for g77
configure:2755: result: no
configure:2725: checking for fort77
configure:2755: result: no
configure:2725: checking for f77
configure:2755: result: no
configure:2725: checking for f2c
configure:2755: result: no
configure:2766: checking whether ln -s works
configure:2770: result: yes
configure:2781: checking for sh
configure:2799: found /usr/bin/sh
configure:2811: result: /usr/bin/sh
configure:2826: checking for gtar
configure:2856: result: no
configure:2826: checking for tar
configure:2842: found /usr/bin/tar
configure:2853: result: tar
configure:2868: checking for gm4
configure:2898: result: no
configure:2868: checking for m4
configure:2898: result: no
configure:2910: checking for gsed
configure:2940: result: no
configure:2910: checking for sed
configure:2926: found /usr/bin/sed
configure:2937: result: sed
configure:2952: checking for gdiff
configure:2982: result: no
configure:2952: checking for diff
configure:2968: found /usr/bin/diff
configure:2979: result: diff
configure:2994: checking for gzip
configure:3010: found /usr/bin/gzip
configure:3021: result: gzip
configure:3040: checking for gzip
configure:3056: found /usr/bin/gzip
configure:3067: result: gzip
configure:3089: checking for remsh
configure:3122: result: no
configure:3089: checking for rsh
configure:3107: found /usr/bin/rsh
configure:3119: result: /usr/bin/rsh
configure:3134: checking for lp
configure:3150: found /usr/bin/lp
configure:3161: result: lp
configure:3183: checking for gcore
configure:3199: found /usr/bin/gcore
configure:3210: result: gcore
configure:3230: checking for compface
configure:3260: result: no
configure:3288: checking for xbm2xface.pl
configure:3318: result: no
configure:3288: checking for xbm2xface
configure:3318: result: no
configure:3332: checking for gdb
configure:3348: found /usr/bin/gdb
configure:3359: result: gdb
configure:3390: checking for perl
configure:3406: found /usr/bin/perl
configure:3417: result: perl
configure:3431: checking for perl version greater than or equal to 5.8.0
configure:3444: result: ok
configure:3457: checking for xterm
configure:3487: result: no
configure:3457: checking for kterm
configure:3487: result: no
configure:3457: checking for dtterm
configure:3487: result: no
configure:3457: checking for hpterm
configure:3487: result: no
configure:3499: checking for xfontsel
configure:3515: found /usr/bin/xfontsel
configure:3526: result: xfontsel
configure:3550: checking for a BSD-compatible install
configure:3606: result: /usr/bin/install -c
configure:3621: checking for bison
configure:3651: result: no
configure:3621: checking for byacc
configure:3651: result: no
configure:3660: checking for yacc flags
configure:3663: result: 
configure:3694: checking for style of include used by make
configure:3722: result: GNU
configure:3792: checking for gcc
configure:3808: found /usr/bin/gcc
configure:3819: result: gcc
configure:4057: checking for C compiler version
configure:4064: gcc --version >&5
gcc (Ubuntu 8.3.0-6ubuntu1) 8.3.0
Copyright (C) 2018 Free Software Foundation, Inc.
This is free software; see the source for copying conditions.  There is NO
warranty; not even for MERCHANTABILITY or FITNESS FOR A PARTICULAR PURPOSE.

configure:4067: $? = 0
configure:4074: gcc -v >&5
Using built-in specs.
COLLECT_GCC=gcc
COLLECT_LTO_WRAPPER=/usr/lib/gcc/x86_64-linux-gnu/8/lto-wrapper
OFFLOAD_TARGET_NAMES=nvptx-none
OFFLOAD_TARGET_DEFAULT=1
Target: x86_64-linux-gnu
Configured with: ../src/configure -v --with-pkgversion='Ubuntu 8.3.0-6ubuntu1' --with-bugurl=file:///usr/share/doc/gcc-8/README.Bugs --enable-languages=c,ada,c++,go,brig,d,fortran,objc,obj-c++ --prefix=/usr --with-gcc-major-version-only --program-suffix=-8 --program-prefix=x86_64-linux-gnu- --enable-shared --enable-linker-build-id --libexecdir=/usr/lib --without-included-gettext --enable-threads=posix --libdir=/usr/lib --enable-nls --enable-bootstrap --enable-clocale=gnu --enable-libstdcxx-debug --enable-libstdcxx-time=yes --with-default-libstdcxx-abi=new --enable-gnu-unique-object --disable-vtable-verify --enable-libmpx --enable-plugin --enable-default-pie --with-system-zlib --with-target-system-zlib --enable-objc-gc=auto --enable-multiarch --disable-werror --with-arch-32=i686 --with-abi=m64 --with-multilib-list=m32,m64,mx32 --enable-multilib --with-tune=generic --enable-offload-targets=nvptx-none --without-cuda-driver --enable-checking=release --build=x86_64-linux-gnu --host=x86_64-linux-gnu --target=x86_64-linux-gnu
Thread model: posix
gcc version 8.3.0 (Ubuntu 8.3.0-6ubuntu1) 
configure:4077: $? = 0
configure:4084: gcc -V >&5
gcc: error: unrecognized command line option '-V'
gcc: fatal error: no input files
compilation terminated.
configure:4087: $? = 1
configure:4110: checking for C compiler default output file name
configure:4137: gcc    conftest.c  >&5
configure:4140: $? = 0
configure:4178: result: a.out
configure:4195: checking whether the C compiler works
configure:4205: ./a.out
configure:4208: $? = 0
configure:4225: result: yes
configure:4232: checking whether we are cross compiling
configure:4234: result: no
configure:4237: checking for suffix of executables
configure:4244: gcc -o conftest    conftest.c  >&5
configure:4247: $? = 0
configure:4271: result: 
configure:4277: checking for suffix of object files
configure:4303: gcc -c   conftest.c >&5
configure:4306: $? = 0
configure:4329: result: o
configure:4333: checking whether we are using the GNU C compiler
configure:4362: gcc -c   conftest.c >&5
configure:4368: $? = 0
configure:4385: result: yes
configure:4390: checking whether gcc accepts -g
configure:4420: gcc -c -g  conftest.c >&5
configure:4426: $? = 0
configure:4525: result: yes
configure:4542: checking for gcc option to accept ISO C89
configure:4616: gcc  -c -g -O2  conftest.c >&5
configure:4622: $? = 0
configure:4645: result: none needed
configure:4665: checking dependency style of gcc
configure:4756: result: gcc3
configure:4776: checking for flex
configure:4806: result: no
configure:4776: checking for lex
configure:4806: result: no
configure:4979: checking for ${SHELL} /home/trevorba/Documents/os/ddd-3.3.12/missing --run flex flags
configure:4985: result: 
configure:4991: checking for gawk
configure:5018: result: mawk
configure:5041: checking for library containing strerror
configure:5082: gcc -o conftest -g -O2   conftest.c  >&5
configure:5088: $? = 0
configure:5116: result: none required
configure:5127: checking whether the C compiler (gcc) compiles and links a simple C program
configure:5160: gcc -o conftest -g -O2   conftest.c  >&5
configure:5166: $? = 0
configure:5190: result: yes
configure:5260: checking for g++
configure:5276: found /usr/bin/g++
configure:5287: result: g++
configure:5318: checking for C++ compiler version
configure:5325: g++ --version >&5
g++ (Ubuntu 8.3.0-6ubuntu1) 8.3.0
Copyright (C) 2018 Free Software Foundation, Inc.
This is free software; see the source for copying conditions.  There is NO
warranty; not even for MERCHANTABILITY or FITNESS FOR A PARTICULAR PURPOSE.

configure:5328: $? = 0
configure:5335: g++ -v >&5
Using built-in specs.
COLLECT_GCC=g++
COLLECT_LTO_WRAPPER=/usr/lib/gcc/x86_64-linux-gnu/8/lto-wrapper
OFFLOAD_TARGET_NAMES=nvptx-none
OFFLOAD_TARGET_DEFAULT=1
Target: x86_64-linux-gnu
Configured with: ../src/configure -v --with-pkgversion='Ubuntu 8.3.0-6ubuntu1' --with-bugurl=file:///usr/share/doc/gcc-8/README.Bugs --enable-languages=c,ada,c++,go,brig,d,fortran,objc,obj-c++ --prefix=/usr --with-gcc-major-version-only --program-suffix=-8 --program-prefix=x86_64-linux-gnu- --enable-shared --enable-linker-build-id --libexecdir=/usr/lib --without-included-gettext --enable-threads=posix --libdir=/usr/lib --enable-nls --enable-bootstrap --enable-clocale=gnu --enable-libstdcxx-debug --enable-libstdcxx-time=yes --with-default-libstdcxx-abi=new --enable-gnu-unique-object --disable-vtable-verify --enable-libmpx --enable-plugin --enable-default-pie --with-system-zlib --with-target-system-zlib --enable-objc-gc=auto --enable-multiarch --disable-werror --with-arch-32=i686 --with-abi=m64 --with-multilib-list=m32,m64,mx32 --enable-multilib --with-tune=generic --enable-offload-targets=nvptx-none --without-cuda-driver --enable-checking=release --build=x86_64-linux-gnu --host=x86_64-linux-gnu --target=x86_64-linux-gnu
Thread model: posix
gcc version 8.3.0 (Ubuntu 8.3.0-6ubuntu1) 
configure:5338: $? = 0
configure:5345: g++ -V >&5
g++: error: unrecognized command line option '-V'
g++: fatal error: no input files
compilation terminated.
configure:5348: $? = 1
configure:5351: checking whether we are using the GNU C++ compiler
configure:5380: g++ -c   conftest.cpp >&5
configure:5386: $? = 0
configure:5403: result: yes
configure:5408: checking whether g++ accepts -g
configure:5438: g++ -c -g  conftest.cpp >&5
configure:5444: $? = 0
configure:5543: result: yes
configure:5568: checking dependency style of g++
configure:5659: result: gcc3
configure:5894: checking whether the C++ compiler (g++) compiles a simple program
configure:5927: g++ -o conftest -g -O2   conftest.cpp  >&5
configure:5933: $? = 0
configure:5957: result: yes
configure:6000: checking how to run the C preprocessor
configure:6040: gcc -E  conftest.c
configure:6046: $? = 0
configure:6077: gcc -E  conftest.c
conftest.c:10:10: fatal error: ac_nonexistent.h: No such file or directory
 #include <ac_nonexistent.h>
          ^~~~~~~~~~~~~~~~~~
compilation terminated.
configure:6083: $? = 1
configure: failed program was:
| /* confdefs.h.  */
| #define PACKAGE_NAME "ddd"
| #define PACKAGE_TARNAME "ddd"
| #define PACKAGE_VERSION "3.3.12"
| #define PACKAGE_STRING "ddd 3.3.12"
| #define PACKAGE_BUGREPORT "ddd@gnu.org"
| #define PACKAGE "ddd"
| #define VERSION "3.3.12"
| /* end confdefs.h.  */
| #include <ac_nonexistent.h>
configure:6116: result: gcc -E
configure:6145: gcc -E  conftest.c
configure:6151: $? = 0
configure:6182: gcc -E  conftest.c
conftest.c:10:10: fatal error: ac_nonexistent.h: No such file or directory
 #include <ac_nonexistent.h>
          ^~~~~~~~~~~~~~~~~~
compilation terminated.
configure:6188: $? = 1
configure: failed program was:
| /* confdefs.h.  */
| #define PACKAGE_NAME "ddd"
| #define PACKAGE_TARNAME "ddd"
| #define PACKAGE_VERSION "3.3.12"
| #define PACKAGE_STRING "ddd 3.3.12"
| #define PACKAGE_BUGREPORT "ddd@gnu.org"
| #define PACKAGE "ddd"
| #define VERSION "3.3.12"
| /* end confdefs.h.  */
| #include <ac_nonexistent.h>
configure:6230: checking how to run the C++ preprocessor
configure:6266: g++ -E  conftest.cpp
configure:6272: $? = 0
configure:6303: g++ -E  conftest.cpp
conftest.cpp:10:10: fatal error: ac_nonexistent.h: No such file or directory
 #include <ac_nonexistent.h>
          ^~~~~~~~~~~~~~~~~~
compilation terminated.
configure:6309: $? = 1
configure: failed program was:
| /* confdefs.h.  */
| #define PACKAGE_NAME "ddd"
| #define PACKAGE_TARNAME "ddd"
| #define PACKAGE_VERSION "3.3.12"
| #define PACKAGE_STRING "ddd 3.3.12"
| #define PACKAGE_BUGREPORT "ddd@gnu.org"
| #define PACKAGE "ddd"
| #define VERSION "3.3.12"
| /* end confdefs.h.  */
| #include <ac_nonexistent.h>
configure:6342: result: g++ -E
configure:6371: g++ -E  conftest.cpp
configure:6377: $? = 0
configure:6408: g++ -E  conftest.cpp
conftest.cpp:10:10: fatal error: ac_nonexistent.h: No such file or directory
 #include <ac_nonexistent.h>
          ^~~~~~~~~~~~~~~~~~
compilation terminated.
configure:6414: $? = 1
configure: failed program was:
| /* confdefs.h.  */
| #define PACKAGE_NAME "ddd"
| #define PACKAGE_TARNAME "ddd"
| #define PACKAGE_VERSION "3.3.12"
| #define PACKAGE_STRING "ddd 3.3.12"
| #define PACKAGE_BUGREPORT "ddd@gnu.org"
| #define PACKAGE "ddd"
| #define VERSION "3.3.12"
| /* end confdefs.h.  */
| #include <ac_nonexistent.h>
configure:6454: checking if this is a problematic g++ version
configure:6497: g++ -E  conftest.cpp
configure:6503: $? = 0
configure:6525: result: no
configure:6540: checking whether the C++ compiler (g++) accepts -Weffc++
configure:6575: g++ -c -Weffc++  conftest.cpp >&5
configure:6581: $? = 0
configure:6604: result: yes
configure:6617: checking whether the C++ compiler (g++) accepts -Wuninitialized
configure:6652: g++ -c -Wuninitialized  conftest.cpp >&5
configure:6658: $? = 0
configure:6681: result: yes
configure:6696: checking whether the C++ compiler (g++) accepts -mminimal-toc
configure:6731: g++ -o conftest -mminimal-toc   conftest.cpp  >&5
g++: error: unrecognized command line option '-mminimal-toc'; did you mean '-mmitigate-rop'?
configure:6737: $? = 1
configure: failed program was:
| /* confdefs.h.  */
| #define PACKAGE_NAME "ddd"
| #define PACKAGE_TARNAME "ddd"
| #define PACKAGE_VERSION "3.3.12"
| #define PACKAGE_STRING "ddd 3.3.12"
| #define PACKAGE_BUGREPORT "ddd@gnu.org"
| #define PACKAGE "ddd"
| #define VERSION "3.3.12"
| /* end confdefs.h.  */
| 
| int
| main ()
| {
| int a;
|   ;
|   return 0;
| }
configure:6762: result: no
configure:6980: checking for C++ compiler (g++) warning options
configure:6982: result: -Wall -W -Wwrite-strings
configure:6984: checking for C++ compiler (g++) optimizing options
configure:6986: result:  -O2
configure:6988: checking for C++ compiler (g++) debugging options
configure:6990: result: -g
configure:6992: checking for C++ compiler (g++) extra libraries
configure:6994: result: 
configure:6996: checking for C++ compiler (g++) static binding options
configure:6998: result: -Bstatic
configure:7000: checking for C++ compiler (g++) dynamic binding options
configure:7002: result: -Bdynamic
configure:7008: checking whether the C++ compiler (g++) accepts -fpermissive
configure:7043: g++ -c -fpermissive  conftest.cpp >&5
configure:7049: $? = 0
configure:7072: result: yes
configure:7083: checking whether the C++ compiler (g++) accepts -trigraphs
configure:7118: g++ -c -trigraphs  conftest.cpp >&5
configure:7124: $? = 0
configure:7147: result: yes
configure:7160: checking whether the C++ compiler (g++) supports bool types
configure:7193: g++ -c -g -O2  conftest.cpp >&5
configure:7199: $? = 0
configure:7221: result: yes
configure:7233: checking whether the C++ compiler (g++) supports explicit constructors
configure:7266: g++ -c -g -O2  conftest.cpp >&5
configure:7272: $? = 0
configure:7294: result: yes
configure:7306: checking whether the C++ compiler (g++) supports mutable members
configure:7339: g++ -c -g -O2  conftest.cpp >&5
configure:7345: $? = 0
configure:7367: result: yes
configure:7379: checking whether the C++ compiler (g++) supports exception handling
configure:7412: g++ -c -g -O2  conftest.cpp >&5
configure:7418: $? = 0
configure:7440: result: yes
configure:7452: checking whether the C++ compiler (g++) supports standard exceptions
configure:7489: g++ -c -g -O2  conftest.cpp >&5
configure:7495: $? = 0
configure:7517: result: yes
configure:7529: checking whether the C++ compiler (g++) supports namespaces
configure:7570: g++ -c -g -O2  conftest.cpp >&5
configure:7576: $? = 0
configure:7598: result: yes
configure:7610: checking whether the C++ compiler (g++) supports run-time type info
configure:7646: g++ -c -g -O2  conftest.cpp >&5
configure:7652: $? = 0
configure:7674: result: yes
configure:7686: checking whether the C++ compiler (g++) supports long long types
configure:7719: g++ -c -g -O2  conftest.cpp >&5
configure:7725: $? = 0
configure:7747: result: yes
configure:7759: checking whether the C++ compiler (g++) supports __PRETTY_FUNCTION__
configure:7794: g++ -o conftest -g -O2   conftest.cpp  >&5
configure:7800: $? = 0
configure:7824: result: yes
configure:7836: checking whether the C++ compiler (g++) supports overloaded new
configure:7871: g++ -c -g -O2  conftest.cpp >&5
configure:7877: $? = 0
configure:7899: result: yes
configure:7911: checking whether the C++ compiler (g++) supports placement new
configure:7944: g++ -c -g -O2  conftest.cpp >&5
configure:7950: $? = 0
configure:7972: result: yes
configure:7985: checking whether the C++ compiler (g++) accepts -isystem
configure:8020: g++ -c -isystem .  conftest.cpp >&5
configure:8026: $? = 0
configure:8049: result: yes
configure:8063: checking whether the C++ compiler (g++) supports new style casts
configure:8096: g++ -c -g -O2  conftest.cpp >&5
configure:8102: $? = 0
configure:8124: result: yes
configure:8136: checking whether the C++ compiler (g++) supports __attribute__ ((noreturn))
configure:8169: g++ -c -g -O2  conftest.cpp >&5
configure:8175: $? = 0
configure:8197: result: yes
configure:8209: checking whether the C++ compiler (g++) supports __builtin_expect
configure:8242: g++ -c -g -O2  conftest.cpp >&5
configure:8248: $? = 0
configure:8270: result: yes
configure:8283: checking for a traditional C preprocessor
configure:8325: gcc -E  conftest.c
conftest.c:26:1: warning: missing terminating " character
 "this is an unterminated string
 ^
configure:8331: $? = 0
configure:8354: result: gcc -E
configure:8451: checking for a sed that does not truncate output
configure:8507: result: /usr/bin/sed
configure:8510: checking for grep that handles long lines and -e
configure:8584: result: /usr/bin/grep
configure:8589: checking for egrep
configure:8667: result: /usr/bin/grep -E
configure:8683: checking for ld used by gcc
configure:8750: result: /usr/bin/ld
configure:8759: checking if the linker (/usr/bin/ld) is GNU ld
configure:8774: result: yes
configure:8779: checking for /usr/bin/ld option to reload object files
configure:8786: result: -r
configure:8804: checking for BSD-compatible nm
configure:8853: result: /usr/bin/nm -B
configure:8857: checking how to recognize dependent libraries
configure:9043: result: pass_all
configure:9129: g++ -c -g -O2  conftest.cpp >&5
configure:9132: $? = 0
configure:9280: checking for ANSI C header files
configure:9310: g++ -c -g -O2  conftest.cpp >&5
configure:9316: $? = 0
configure:9415: g++ -o conftest -g -O2   conftest.cpp  >&5
configure:9418: $? = 0
configure:9424: ./conftest
configure:9427: $? = 0
configure:9444: result: yes
configure:9468: checking for sys/types.h
configure:9489: g++ -c -g -O2  conftest.cpp >&5
configure:9495: $? = 0
configure:9511: result: yes
configure:9468: checking for sys/stat.h
configure:9489: g++ -c -g -O2  conftest.cpp >&5
configure:9495: $? = 0
configure:9511: result: yes
configure:9468: checking for stdlib.h
configure:9489: g++ -c -g -O2  conftest.cpp >&5
configure:9495: $? = 0
configure:9511: result: yes
configure:9468: checking for string.h
configure:9489: g++ -c -g -O2  conftest.cpp >&5
configure:9495: $? = 0
configure:9511: result: yes
configure:9468: checking for memory.h
configure:9489: g++ -c -g -O2  conftest.cpp >&5
configure:9495: $? = 0
configure:9511: result: yes
configure:9468: checking for strings.h
configure:9489: g++ -c -g -O2  conftest.cpp >&5
configure:9495: $? = 0
configure:9511: result: yes
configure:9468: checking for inttypes.h
configure:9489: g++ -c -g -O2  conftest.cpp >&5
configure:9495: $? = 0
configure:9511: result: yes
configure:9468: checking for stdint.h
configure:9489: g++ -c -g -O2  conftest.cpp >&5
configure:9495: $? = 0
configure:9511: result: yes
configure:9468: checking for unistd.h
configure:9489: g++ -c -g -O2  conftest.cpp >&5
configure:9495: $? = 0
configure:9511: result: yes
configure:9538: checking dlfcn.h usability
configure:9555: g++ -c -g -O2  conftest.cpp >&5
configure:9561: $? = 0
configure:9575: result: yes
configure:9579: checking dlfcn.h presence
configure:9594: g++ -E  conftest.cpp
configure:9600: $? = 0
configure:9614: result: yes
configure:9647: checking for dlfcn.h
configure:9655: result: yes
configure:9678: checking how to run the C++ preprocessor
configure:9790: result: g++ -E
configure:9819: g++ -E  conftest.cpp
configure:9825: $? = 0
configure:9856: g++ -E  conftest.cpp
conftest.cpp:35:10: fatal error: ac_nonexistent.h: No such file or directory
 #include <ac_nonexistent.h>
          ^~~~~~~~~~~~~~~~~~
compilation terminated.
configure:9862: $? = 1
configure: failed program was:
| /* confdefs.h.  */
| #define PACKAGE_NAME "ddd"
| #define PACKAGE_TARNAME "ddd"
| #define PACKAGE_VERSION "3.3.12"
| #define PACKAGE_STRING "ddd 3.3.12"
| #define PACKAGE_BUGREPORT "ddd@gnu.org"
| #define PACKAGE "ddd"
| #define VERSION "3.3.12"
| #define HAVE_BOOL 1
| #define HAVE_EXPLICIT 1
| #define HAVE_MUTABLE 1
| #define HAVE_EXCEPTIONS 1
| #define HAVE_STD_EXCEPTIONS 1
| #define HAVE_NAMESPACE 1
| #define HAVE_TYPEINFO 1
| #define HAVE_LONG_LONG 1
| #define HAVE_PRETTY_FUNCTION 1
| #define HAVE_ARRAY_OPERATOR_NEW 1
| #define HAVE_PLACEMENT_NEW 1
| #define HAVE_NEW_CASTS 1
| #define HAVE_ATTRIBUTE_NORETURN 1
| #define HAVE_BUILTIN_EXPECT 1
| #define STDC_HEADERS 1
| #define HAVE_SYS_TYPES_H 1
| #define HAVE_SYS_STAT_H 1
| #define HAVE_STDLIB_H 1
| #define HAVE_STRING_H 1
| #define HAVE_MEMORY_H 1
| #define HAVE_STRINGS_H 1
| #define HAVE_INTTYPES_H 1
| #define HAVE_STDINT_H 1
| #define HAVE_UNISTD_H 1
| #define HAVE_DLFCN_H 1
| /* end confdefs.h.  */
| #include <ac_nonexistent.h>
configure:10011: checking for Fortran 77 compiler version
configure:10018: g77 --version >&5
./configure: line 10019: g77: command not found
configure:10021: $? = 127
configure:10028: g77 -v >&5
./configure: line 10029: g77: command not found
configure:10031: $? = 127
configure:10038: g77 -V >&5
./configure: line 10039: g77: command not found
configure:10041: $? = 127
configure:10049: checking whether we are using the GNU Fortran 77 compiler
configure:10068: g77 -c -g conftest.F >&5
./configure: line 10069: g77: command not found
configure:10074: $? = 127
configure: failed program was:
|       program main
| #ifndef __GNUC__
|        choke me
| #endif
| 
|       end
configure:10091: result: no
configure:10097: checking whether g77 accepts -g
configure:10114: g77 -c -g conftest.f >&5
./configure: line 10115: g77: command not found
configure:10120: $? = 127
configure: failed program was:
|       program main
| 
|       end
configure:10136: result: no
configure:10165: checking the maximum length of command line arguments
configure:10277: result: 1572864
configure:10289: checking command to parse /usr/bin/nm -B output from gcc object
configure:10394: g++ -c -g -O2  conftest.cpp >&5
configure:10397: $? = 0
configure:10401: /usr/bin/nm -B conftest.o \| sed -n -e 's/^.*[ 	]\([ABCDGIRSTW][ABCDGIRSTW]*\)[ 	][ 	]*\([_A-Za-z][_A-Za-z0-9]*\)$/\1 \2 \2/p' \> conftest.nm
configure:10404: $? = 0
configure:10456: g++ -o conftest -g -O2   conftest.cpp conftstm.o >&5
configure:10459: $? = 0
configure:10497: result: ok
configure:10501: checking for objdir
configure:10516: result: .libs
configure:10608: checking for ar
configure:10624: found /usr/bin/ar
configure:10635: result: ar
configure:10704: checking for ranlib
configure:10720: found /usr/bin/ranlib
configure:10731: result: ranlib
configure:10800: checking for strip
configure:10816: found /usr/bin/strip
configure:10827: result: strip
configure:11425: checking if gcc supports -fno-rtti -fno-exceptions
configure:11448: gcc -c -g -O2  -fno-rtti -fno-exceptions conftest.c >&5
cc1: warning: command line option '-fno-rtti' is valid for C++/ObjC++ but not for C
configure:11452: $? = 0
configure:11460: result: no
configure:11450: checking for gcc option to produce PIC
configure:11682: result: -fPIC
configure:11690: checking if gcc PIC flag -fPIC works
configure:11738: gcc -c -g -O2  -fPIC -DPIC conftest.c >&5
configure:11742: $? = 0
configure:11725: result: yes
configure:11724: checking if gcc static flag -static works
configure:11752: result: yes
configure:11762: checking if gcc supports -c -o file.o
configure:11842: gcc -c -g -O2  -o out/conftest2.o conftest.c >&5
configure:11846: $? = 0
configure:11785: result: yes
configure:11811: checking whether the gcc linker (/usr/bin/ld -m elf_x86_64) supports shared libraries
configure:12792: result: yes
configure:12813: checking whether -lc should be explicitly linked in
configure:12818: gcc -c -g -O2  conftest.c >&5
configure:12821: $? = 0
configure:12836: gcc -shared conftest.o  -v -Wl,-soname -Wl,conftest -o conftest 2\>\&1 \| grep  -lc  \>/dev/null 2\>\&1
configure:12839: $? = 0
configure:12851: result: no
configure:12859: checking dynamic linker characteristics
configure:13473: result: GNU/Linux ld.so
configure:13497: checking how to hardcode library paths into programs
configure:13522: result: immediate
configure:13536: checking whether stripping libraries is possible
configure:13541: result: yes
configure:14343: checking if libtool supports shared libraries
configure:14345: result: yes
configure:14348: checking whether to build shared libraries
configure:14369: result: yes
configure:14372: checking whether to build static libraries
configure:14376: result: yes
configure:14470: creating libtool
configure:15063: checking for ld used by g++
configure:15130: result: /usr/bin/ld -m elf_x86_64
configure:15139: checking if the linker (/usr/bin/ld -m elf_x86_64) is GNU ld
configure:15154: result: yes
configure:15205: checking whether the g++ linker (/usr/bin/ld -m elf_x86_64) supports shared libraries
configure:16151: result: yes
configure:16168: g++ -c -g -O2  conftest.cpp >&5
configure:16171: $? = 0
configure:16327: checking for g++ option to produce PIC
configure:16611: result: -fPIC
configure:16619: checking if g++ PIC flag -fPIC works
configure:16720: g++ -c -g -O2  -fPIC -DPIC conftest.cpp >&5
configure:16724: $? = 0
configure:16654: result: yes
configure:16682: checking if g++ static flag -static works
configure:16710: result: yes
configure:16720: checking if g++ supports -c -o file.o
configure:16824: g++ -c -g -O2  -o out/conftest2.o conftest.cpp >&5
configure:16828: $? = 0
configure:16767: result: yes
configure:16793: checking whether the g++ linker (/usr/bin/ld -m elf_x86_64) supports shared libraries
configure:16822: result: yes
configure:16889: checking dynamic linker characteristics
configure:17451: result: GNU/Linux ld.so
configure:17475: checking how to hardcode library paths into programs
configure:17500: result: immediate
configure:18039: checking if libtool supports shared libraries
configure:18041: result: yes
configure:18044: checking whether to build shared libraries
configure:18064: result: yes
configure:18067: checking whether to build static libraries
configure:18071: result: yes
configure:18081: checking for g77 option to produce PIC
configure:18313: result: -fPIC
configure:18321: checking if g77 PIC flag -fPIC works
configure:18422: g77 -c -g -fPIC conftest.f >&5
./configure: line 18340: g77: command not found
configure:18426: $? = 127
configure:18356: result: no
configure:18384: checking if g77 static flag -static works
configure:18412: result: no
configure:18422: checking if g77 supports -c -o file.o
configure:18526: g77 -c -g -o out/conftest2.o conftest.f >&5
./configure: line 18444: g77: command not found
configure:18530: $? = 127
configure:18469: result: no
configure:18495: checking whether the g77 linker (/usr/bin/ld -m elf_x86_64) supports shared libraries
configure:19456: result: yes
configure:19523: checking dynamic linker characteristics
configure:20085: result: GNU/Linux ld.so
configure:20109: checking how to hardcode library paths into programs
configure:20134: result: immediate
configure:23748: checking for connect
configure:23804: g++ -o conftest -g -O2   conftest.cpp  >&5
configure:23810: $? = 0
configure:23827: result: yes
configure:23834: checking for gethostbyname
configure:23890: g++ -o conftest -g -O2   conftest.cpp  >&5
configure:23896: $? = 0
configure:23913: result: yes
configure:23920: checking for regcmp
configure:23976: g++ -o conftest -g -O2   conftest.cpp  >&5
/usr/bin/ld: /tmp/ccn3uRae.o: in function `main':
/home/trevorba/Documents/os/ddd-3.3.12/conftest.cpp:69: undefined reference to `regcmp'
collect2: error: ld returned 1 exit status
configure:23982: $? = 1
configure: failed program was:
| /* confdefs.h.  */
| #define PACKAGE_NAME "ddd"
| #define PACKAGE_TARNAME "ddd"
| #define PACKAGE_VERSION "3.3.12"
| #define PACKAGE_STRING "ddd 3.3.12"
| #define PACKAGE_BUGREPORT "ddd@gnu.org"
| #define PACKAGE "ddd"
| #define VERSION "3.3.12"
| #define HAVE_BOOL 1
| #define HAVE_EXPLICIT 1
| #define HAVE_MUTABLE 1
| #define HAVE_EXCEPTIONS 1
| #define HAVE_STD_EXCEPTIONS 1
| #define HAVE_NAMESPACE 1
| #define HAVE_TYPEINFO 1
| #define HAVE_LONG_LONG 1
| #define HAVE_PRETTY_FUNCTION 1
| #define HAVE_ARRAY_OPERATOR_NEW 1
| #define HAVE_PLACEMENT_NEW 1
| #define HAVE_NEW_CASTS 1
| #define HAVE_ATTRIBUTE_NORETURN 1
| #define HAVE_BUILTIN_EXPECT 1
| #define STDC_HEADERS 1
| #define HAVE_SYS_TYPES_H 1
| #define HAVE_SYS_STAT_H 1
| #define HAVE_STDLIB_H 1
| #define HAVE_STRING_H 1
| #define HAVE_MEMORY_H 1
| #define HAVE_STRINGS_H 1
| #define HAVE_INTTYPES_H 1
| #define HAVE_STDINT_H 1
| #define HAVE_UNISTD_H 1
| #define HAVE_DLFCN_H 1
| /* end confdefs.h.  */
| /* Define regcmp to an innocuous variant, in case <limits.h> declares regcmp.
|    For example, HP-UX 11i <limits.h> declares gettimeofday.  */
| #define regcmp innocuous_regcmp
| 
| /* System header to define __stub macros and hopefully few prototypes,
|     which can conflict with char regcmp (); below.
|     Prefer <limits.h> to <assert.h> if __STDC__ is defined, since
|     <limits.h> exists even on freestanding compilers.  */
| 
| #ifdef __STDC__
| # include <limits.h>
| #else
| # include <assert.h>
| #endif
| 
| #undef regcmp
| 
| /* Override any GCC internal prototype to avoid an error.
|    Use char because int might match the return type of a GCC
|    builtin and then its argument prototype would still apply.  */
| #ifdef __cplusplus
| extern "C"
| #endif
| char regcmp ();
| /* The GNU C library defines this for functions which it implements
|     to always fail with ENOSYS.  Some functions are actually named
|     something starting with __ and the normal name is an alias.  */
| #if defined __stub_regcmp || defined __stub___regcmp
| choke me
| #endif
| 
| int
| main ()
| {
| return regcmp ();
|   ;
|   return 0;
| }
configure:23999: result: no
configure:24142: checking for regcmp in -lgen
configure:24177: g++ -o conftest -g -O2   conftest.cpp -lgen   >&5
/usr/bin/ld: cannot find -lgen
collect2: error: ld returned 1 exit status
configure:24183: $? = 1
configure: failed program was:
| /* confdefs.h.  */
| #define PACKAGE_NAME "ddd"
| #define PACKAGE_TARNAME "ddd"
| #define PACKAGE_VERSION "3.3.12"
| #define PACKAGE_STRING "ddd 3.3.12"
| #define PACKAGE_BUGREPORT "ddd@gnu.org"
| #define PACKAGE "ddd"
| #define VERSION "3.3.12"
| #define HAVE_BOOL 1
| #define HAVE_EXPLICIT 1
| #define HAVE_MUTABLE 1
| #define HAVE_EXCEPTIONS 1
| #define HAVE_STD_EXCEPTIONS 1
| #define HAVE_NAMESPACE 1
| #define HAVE_TYPEINFO 1
| #define HAVE_LONG_LONG 1
| #define HAVE_PRETTY_FUNCTION 1
| #define HAVE_ARRAY_OPERATOR_NEW 1
| #define HAVE_PLACEMENT_NEW 1
| #define HAVE_NEW_CASTS 1
| #define HAVE_ATTRIBUTE_NORETURN 1
| #define HAVE_BUILTIN_EXPECT 1
| #define STDC_HEADERS 1
| #define HAVE_SYS_TYPES_H 1
| #define HAVE_SYS_STAT_H 1
| #define HAVE_STDLIB_H 1
| #define HAVE_STRING_H 1
| #define HAVE_MEMORY_H 1
| #define HAVE_STRINGS_H 1
| #define HAVE_INTTYPES_H 1
| #define HAVE_STDINT_H 1
| #define HAVE_UNISTD_H 1
| #define HAVE_DLFCN_H 1
| /* end confdefs.h.  */
| 
| /* Override any GCC internal prototype to avoid an error.
|    Use char because int might match the return type of a GCC
|    builtin and then its argument prototype would still apply.  */
| #ifdef __cplusplus
| extern "C"
| #endif
| char regcmp ();
| int
| main ()
| {
| return regcmp ();
|   ;
|   return 0;
| }
configure:24201: result: no
configure:24209: checking for yyerror in -ly
configure:24244: g++ -o conftest -g -O2   conftest.cpp -ly   >&5
/usr/bin/ld: cannot find -ly
collect2: error: ld returned 1 exit status
configure:24250: $? = 1
configure: failed program was:
| /* confdefs.h.  */
| #define PACKAGE_NAME "ddd"
| #define PACKAGE_TARNAME "ddd"
| #define PACKAGE_VERSION "3.3.12"
| #define PACKAGE_STRING "ddd 3.3.12"
| #define PACKAGE_BUGREPORT "ddd@gnu.org"
| #define PACKAGE "ddd"
| #define VERSION "3.3.12"
| #define HAVE_BOOL 1
| #define HAVE_EXPLICIT 1
| #define HAVE_MUTABLE 1
| #define HAVE_EXCEPTIONS 1
| #define HAVE_STD_EXCEPTIONS 1
| #define HAVE_NAMESPACE 1
| #define HAVE_TYPEINFO 1
| #define HAVE_LONG_LONG 1
| #define HAVE_PRETTY_FUNCTION 1
| #define HAVE_ARRAY_OPERATOR_NEW 1
| #define HAVE_PLACEMENT_NEW 1
| #define HAVE_NEW_CASTS 1
| #define HAVE_ATTRIBUTE_NORETURN 1
| #define HAVE_BUILTIN_EXPECT 1
| #define STDC_HEADERS 1
| #define HAVE_SYS_TYPES_H 1
| #define HAVE_SYS_STAT_H 1
| #define HAVE_STDLIB_H 1
| #define HAVE_STRING_H 1
| #define HAVE_MEMORY_H 1
| #define HAVE_STRINGS_H 1
| #define HAVE_INTTYPES_H 1
| #define HAVE_STDINT_H 1
| #define HAVE_UNISTD_H 1
| #define HAVE_DLFCN_H 1
| /* end confdefs.h.  */
| 
| /* Override any GCC internal prototype to avoid an error.
|    Use char because int might match the return type of a GCC
|    builtin and then its argument prototype would still apply.  */
| #ifdef __cplusplus
| extern "C"
| #endif
| char yyerror ();
| int
| main ()
| {
| return yyerror ();
|   ;
|   return 0;
| }
configure:24268: result: no
configure:24275: checking for sin in -lm
configure:24310: g++ -o conftest -g -O2   conftest.cpp -lm   >&5
conftest.cpp:42:6: warning: declaration of 'char sin()' conflicts with built-in declaration 'double sin(double)' [-Wbuiltin-declaration-mismatch]
 char sin ();
      ^~~
configure:24316: $? = 0
configure:24334: result: yes
configure:24341: checking for open in -lc
configure:24376: g++ -o conftest -g -O2   conftest.cpp -lc   >&5
configure:24382: $? = 0
configure:24400: result: yes
configure:24407: checking for elf_version in -lelf
configure:24442: g++ -o conftest -g -O2   conftest.cpp -lelf   >&5
/usr/bin/ld: cannot find -lelf
collect2: error: ld returned 1 exit status
configure:24448: $? = 1
configure: failed program was:
| /* confdefs.h.  */
| #define PACKAGE_NAME "ddd"
| #define PACKAGE_TARNAME "ddd"
| #define PACKAGE_VERSION "3.3.12"
| #define PACKAGE_STRING "ddd 3.3.12"
| #define PACKAGE_BUGREPORT "ddd@gnu.org"
| #define PACKAGE "ddd"
| #define VERSION "3.3.12"
| #define HAVE_BOOL 1
| #define HAVE_EXPLICIT 1
| #define HAVE_MUTABLE 1
| #define HAVE_EXCEPTIONS 1
| #define HAVE_STD_EXCEPTIONS 1
| #define HAVE_NAMESPACE 1
| #define HAVE_TYPEINFO 1
| #define HAVE_LONG_LONG 1
| #define HAVE_PRETTY_FUNCTION 1
| #define HAVE_ARRAY_OPERATOR_NEW 1
| #define HAVE_PLACEMENT_NEW 1
| #define HAVE_NEW_CASTS 1
| #define HAVE_ATTRIBUTE_NORETURN 1
| #define HAVE_BUILTIN_EXPECT 1
| #define STDC_HEADERS 1
| #define HAVE_SYS_TYPES_H 1
| #define HAVE_SYS_STAT_H 1
| #define HAVE_STDLIB_H 1
| #define HAVE_STRING_H 1
| #define HAVE_MEMORY_H 1
| #define HAVE_STRINGS_H 1
| #define HAVE_INTTYPES_H 1
| #define HAVE_STDINT_H 1
| #define HAVE_UNISTD_H 1
| #define HAVE_DLFCN_H 1
| /* end confdefs.h.  */
| 
| /* Override any GCC internal prototype to avoid an error.
|    Use char because int might match the return type of a GCC
|    builtin and then its argument prototype would still apply.  */
| #ifdef __cplusplus
| extern "C"
| #endif
| char elf_version ();
| int
| main ()
| {
| return elf_version ();
|   ;
|   return 0;
| }
configure:24466: result: no
configure:24576: checking for tgetent in -lmytinfo
configure:24611: g++ -o conftest -g -O2   conftest.cpp -lmytinfo   >&5
/usr/bin/ld: cannot find -lmytinfo
collect2: error: ld returned 1 exit status
configure:24617: $? = 1
configure: failed program was:
| /* confdefs.h.  */
| #define PACKAGE_NAME "ddd"
| #define PACKAGE_TARNAME "ddd"
| #define PACKAGE_VERSION "3.3.12"
| #define PACKAGE_STRING "ddd 3.3.12"
| #define PACKAGE_BUGREPORT "ddd@gnu.org"
| #define PACKAGE "ddd"
| #define VERSION "3.3.12"
| #define HAVE_BOOL 1
| #define HAVE_EXPLICIT 1
| #define HAVE_MUTABLE 1
| #define HAVE_EXCEPTIONS 1
| #define HAVE_STD_EXCEPTIONS 1
| #define HAVE_NAMESPACE 1
| #define HAVE_TYPEINFO 1
| #define HAVE_LONG_LONG 1
| #define HAVE_PRETTY_FUNCTION 1
| #define HAVE_ARRAY_OPERATOR_NEW 1
| #define HAVE_PLACEMENT_NEW 1
| #define HAVE_NEW_CASTS 1
| #define HAVE_ATTRIBUTE_NORETURN 1
| #define HAVE_BUILTIN_EXPECT 1
| #define STDC_HEADERS 1
| #define HAVE_SYS_TYPES_H 1
| #define HAVE_SYS_STAT_H 1
| #define HAVE_STDLIB_H 1
| #define HAVE_STRING_H 1
| #define HAVE_MEMORY_H 1
| #define HAVE_STRINGS_H 1
| #define HAVE_INTTYPES_H 1
| #define HAVE_STDINT_H 1
| #define HAVE_UNISTD_H 1
| #define HAVE_DLFCN_H 1
| /* end confdefs.h.  */
| 
| /* Override any GCC internal prototype to avoid an error.
|    Use char because int might match the return type of a GCC
|    builtin and then its argument prototype would still apply.  */
| #ifdef __cplusplus
| extern "C"
| #endif
| char tgetent ();
| int
| main ()
| {
| return tgetent ();
|   ;
|   return 0;
| }
configure:24636: result: no
configure:24576: checking for tgetent in -lncurses
configure:24611: g++ -o conftest -g -O2   conftest.cpp -lncurses   >&5
/usr/bin/ld: cannot find -lncurses
collect2: error: ld returned 1 exit status
configure:24617: $? = 1
configure: failed program was:
| /* confdefs.h.  */
| #define PACKAGE_NAME "ddd"
| #define PACKAGE_TARNAME "ddd"
| #define PACKAGE_VERSION "3.3.12"
| #define PACKAGE_STRING "ddd 3.3.12"
| #define PACKAGE_BUGREPORT "ddd@gnu.org"
| #define PACKAGE "ddd"
| #define VERSION "3.3.12"
| #define HAVE_BOOL 1
| #define HAVE_EXPLICIT 1
| #define HAVE_MUTABLE 1
| #define HAVE_EXCEPTIONS 1
| #define HAVE_STD_EXCEPTIONS 1
| #define HAVE_NAMESPACE 1
| #define HAVE_TYPEINFO 1
| #define HAVE_LONG_LONG 1
| #define HAVE_PRETTY_FUNCTION 1
| #define HAVE_ARRAY_OPERATOR_NEW 1
| #define HAVE_PLACEMENT_NEW 1
| #define HAVE_NEW_CASTS 1
| #define HAVE_ATTRIBUTE_NORETURN 1
| #define HAVE_BUILTIN_EXPECT 1
| #define STDC_HEADERS 1
| #define HAVE_SYS_TYPES_H 1
| #define HAVE_SYS_STAT_H 1
| #define HAVE_STDLIB_H 1
| #define HAVE_STRING_H 1
| #define HAVE_MEMORY_H 1
| #define HAVE_STRINGS_H 1
| #define HAVE_INTTYPES_H 1
| #define HAVE_STDINT_H 1
| #define HAVE_UNISTD_H 1
| #define HAVE_DLFCN_H 1
| /* end confdefs.h.  */
| 
| /* Override any GCC internal prototype to avoid an error.
|    Use char because int might match the return type of a GCC
|    builtin and then its argument prototype would still apply.  */
| #ifdef __cplusplus
| extern "C"
| #endif
| char tgetent ();
| int
| main ()
| {
| return tgetent ();
|   ;
|   return 0;
| }
configure:24636: result: no
configure:24576: checking for tgetent in -lcurses
configure:24611: g++ -o conftest -g -O2   conftest.cpp -lcurses   >&5
/usr/bin/ld: cannot find -lcurses
collect2: error: ld returned 1 exit status
configure:24617: $? = 1
configure: failed program was:
| /* confdefs.h.  */
| #define PACKAGE_NAME "ddd"
| #define PACKAGE_TARNAME "ddd"
| #define PACKAGE_VERSION "3.3.12"
| #define PACKAGE_STRING "ddd 3.3.12"
| #define PACKAGE_BUGREPORT "ddd@gnu.org"
| #define PACKAGE "ddd"
| #define VERSION "3.3.12"
| #define HAVE_BOOL 1
| #define HAVE_EXPLICIT 1
| #define HAVE_MUTABLE 1
| #define HAVE_EXCEPTIONS 1
| #define HAVE_STD_EXCEPTIONS 1
| #define HAVE_NAMESPACE 1
| #define HAVE_TYPEINFO 1
| #define HAVE_LONG_LONG 1
| #define HAVE_PRETTY_FUNCTION 1
| #define HAVE_ARRAY_OPERATOR_NEW 1
| #define HAVE_PLACEMENT_NEW 1
| #define HAVE_NEW_CASTS 1
| #define HAVE_ATTRIBUTE_NORETURN 1
| #define HAVE_BUILTIN_EXPECT 1
| #define STDC_HEADERS 1
| #define HAVE_SYS_TYPES_H 1
| #define HAVE_SYS_STAT_H 1
| #define HAVE_STDLIB_H 1
| #define HAVE_STRING_H 1
| #define HAVE_MEMORY_H 1
| #define HAVE_STRINGS_H 1
| #define HAVE_INTTYPES_H 1
| #define HAVE_STDINT_H 1
| #define HAVE_UNISTD_H 1
| #define HAVE_DLFCN_H 1
| /* end confdefs.h.  */
| 
| /* Override any GCC internal prototype to avoid an error.
|    Use char because int might match the return type of a GCC
|    builtin and then its argument prototype would still apply.  */
| #ifdef __cplusplus
| extern "C"
| #endif
| char tgetent ();
| int
| main ()
| {
| return tgetent ();
|   ;
|   return 0;
| }
configure:24636: result: no
configure:24576: checking for tgetent in -ltermcap
configure:24611: g++ -o conftest -g -O2   conftest.cpp -ltermcap   >&5
/usr/bin/ld: cannot find -ltermcap
collect2: error: ld returned 1 exit status
configure:24617: $? = 1
configure: failed program was:
| /* confdefs.h.  */
| #define PACKAGE_NAME "ddd"
| #define PACKAGE_TARNAME "ddd"
| #define PACKAGE_VERSION "3.3.12"
| #define PACKAGE_STRING "ddd 3.3.12"
| #define PACKAGE_BUGREPORT "ddd@gnu.org"
| #define PACKAGE "ddd"
| #define VERSION "3.3.12"
| #define HAVE_BOOL 1
| #define HAVE_EXPLICIT 1
| #define HAVE_MUTABLE 1
| #define HAVE_EXCEPTIONS 1
| #define HAVE_STD_EXCEPTIONS 1
| #define HAVE_NAMESPACE 1
| #define HAVE_TYPEINFO 1
| #define HAVE_LONG_LONG 1
| #define HAVE_PRETTY_FUNCTION 1
| #define HAVE_ARRAY_OPERATOR_NEW 1
| #define HAVE_PLACEMENT_NEW 1
| #define HAVE_NEW_CASTS 1
| #define HAVE_ATTRIBUTE_NORETURN 1
| #define HAVE_BUILTIN_EXPECT 1
| #define STDC_HEADERS 1
| #define HAVE_SYS_TYPES_H 1
| #define HAVE_SYS_STAT_H 1
| #define HAVE_STDLIB_H 1
| #define HAVE_STRING_H 1
| #define HAVE_MEMORY_H 1
| #define HAVE_STRINGS_H 1
| #define HAVE_INTTYPES_H 1
| #define HAVE_STDINT_H 1
| #define HAVE_UNISTD_H 1
| #define HAVE_DLFCN_H 1
| /* end confdefs.h.  */
| 
| /* Override any GCC internal prototype to avoid an error.
|    Use char because int might match the return type of a GCC
|    builtin and then its argument prototype would still apply.  */
| #ifdef __cplusplus
| extern "C"
| #endif
| char tgetent ();
| int
| main ()
| {
| return tgetent ();
|   ;
|   return 0;
| }
configure:24636: result: no
configure:24576: checking for tgetent in -lterminfo
configure:24611: g++ -o conftest -g -O2   conftest.cpp -lterminfo   >&5
/usr/bin/ld: cannot find -lterminfo
collect2: error: ld returned 1 exit status
configure:24617: $? = 1
configure: failed program was:
| /* confdefs.h.  */
| #define PACKAGE_NAME "ddd"
| #define PACKAGE_TARNAME "ddd"
| #define PACKAGE_VERSION "3.3.12"
| #define PACKAGE_STRING "ddd 3.3.12"
| #define PACKAGE_BUGREPORT "ddd@gnu.org"
| #define PACKAGE "ddd"
| #define VERSION "3.3.12"
| #define HAVE_BOOL 1
| #define HAVE_EXPLICIT 1
| #define HAVE_MUTABLE 1
| #define HAVE_EXCEPTIONS 1
| #define HAVE_STD_EXCEPTIONS 1
| #define HAVE_NAMESPACE 1
| #define HAVE_TYPEINFO 1
| #define HAVE_LONG_LONG 1
| #define HAVE_PRETTY_FUNCTION 1
| #define HAVE_ARRAY_OPERATOR_NEW 1
| #define HAVE_PLACEMENT_NEW 1
| #define HAVE_NEW_CASTS 1
| #define HAVE_ATTRIBUTE_NORETURN 1
| #define HAVE_BUILTIN_EXPECT 1
| #define STDC_HEADERS 1
| #define HAVE_SYS_TYPES_H 1
| #define HAVE_SYS_STAT_H 1
| #define HAVE_STDLIB_H 1
| #define HAVE_STRING_H 1
| #define HAVE_MEMORY_H 1
| #define HAVE_STRINGS_H 1
| #define HAVE_INTTYPES_H 1
| #define HAVE_STDINT_H 1
| #define HAVE_UNISTD_H 1
| #define HAVE_DLFCN_H 1
| /* end confdefs.h.  */
| 
| /* Override any GCC internal prototype to avoid an error.
|    Use char because int might match the return type of a GCC
|    builtin and then its argument prototype would still apply.  */
| #ifdef __cplusplus
| extern "C"
| #endif
| char tgetent ();
| int
| main ()
| {
| return tgetent ();
|   ;
|   return 0;
| }
configure:24636: result: no
configure:24576: checking for tgetent in -ltermlib
configure:24611: g++ -o conftest -g -O2   conftest.cpp -ltermlib   >&5
/usr/bin/ld: cannot find -ltermlib
collect2: error: ld returned 1 exit status
configure:24617: $? = 1
configure: failed program was:
| /* confdefs.h.  */
| #define PACKAGE_NAME "ddd"
| #define PACKAGE_TARNAME "ddd"
| #define PACKAGE_VERSION "3.3.12"
| #define PACKAGE_STRING "ddd 3.3.12"
| #define PACKAGE_BUGREPORT "ddd@gnu.org"
| #define PACKAGE "ddd"
| #define VERSION "3.3.12"
| #define HAVE_BOOL 1
| #define HAVE_EXPLICIT 1
| #define HAVE_MUTABLE 1
| #define HAVE_EXCEPTIONS 1
| #define HAVE_STD_EXCEPTIONS 1
| #define HAVE_NAMESPACE 1
| #define HAVE_TYPEINFO 1
| #define HAVE_LONG_LONG 1
| #define HAVE_PRETTY_FUNCTION 1
| #define HAVE_ARRAY_OPERATOR_NEW 1
| #define HAVE_PLACEMENT_NEW 1
| #define HAVE_NEW_CASTS 1
| #define HAVE_ATTRIBUTE_NORETURN 1
| #define HAVE_BUILTIN_EXPECT 1
| #define STDC_HEADERS 1
| #define HAVE_SYS_TYPES_H 1
| #define HAVE_SYS_STAT_H 1
| #define HAVE_STDLIB_H 1
| #define HAVE_STRING_H 1
| #define HAVE_MEMORY_H 1
| #define HAVE_STRINGS_H 1
| #define HAVE_INTTYPES_H 1
| #define HAVE_STDINT_H 1
| #define HAVE_UNISTD_H 1
| #define HAVE_DLFCN_H 1
| /* end confdefs.h.  */
| 
| /* Override any GCC internal prototype to avoid an error.
|    Use char because int might match the return type of a GCC
|    builtin and then its argument prototype would still apply.  */
| #ifdef __cplusplus
| extern "C"
| #endif
| char tgetent ();
| int
| main ()
| {
| return tgetent ();
|   ;
|   return 0;
| }
configure:24636: result: no
configure:24646: error: Cannot find termcap compatible library.

## ---------------- ##
## Cache variables. ##
## ---------------- ##

ac_cv_build=x86_64-unknown-linux-gnu
ac_cv_c_compiler_gnu=yes
ac_cv_cxx_compiler_gnu=yes
ac_cv_env_CCC_set=
ac_cv_env_CCC_value=
ac_cv_env_CC_set=
ac_cv_env_CC_value=
ac_cv_env_CFLAGS_set=
ac_cv_env_CFLAGS_value=
ac_cv_env_CPPFLAGS_set=
ac_cv_env_CPPFLAGS_value=
ac_cv_env_CPP_set=
ac_cv_env_CPP_value=
ac_cv_env_CXXCPP_set=
ac_cv_env_CXXCPP_value=
ac_cv_env_CXXFLAGS_set=
ac_cv_env_CXXFLAGS_value=
ac_cv_env_CXX_set=
ac_cv_env_CXX_value=
ac_cv_env_F77_set=
ac_cv_env_F77_value=
ac_cv_env_FFLAGS_set=
ac_cv_env_FFLAGS_value=
ac_cv_env_LDFLAGS_set=
ac_cv_env_LDFLAGS_value=
ac_cv_env_LIBS_set=
ac_cv_env_LIBS_value=
ac_cv_env_XMKMF_set=
ac_cv_env_XMKMF_value=
ac_cv_env_YACC_set=
ac_cv_env_YACC_value=
ac_cv_env_YFLAGS_set=
ac_cv_env_YFLAGS_value=
ac_cv_env_build_alias_set=
ac_cv_env_build_alias_value=
ac_cv_env_host_alias_set=
ac_cv_env_host_alias_value=
ac_cv_env_target_alias_set=
ac_cv_env_target_alias_value=
ac_cv_f77_compiler_gnu=no
ac_cv_func_connect=yes
ac_cv_func_gethostbyname=yes
ac_cv_func_regcmp=no
ac_cv_header_dlfcn_h=yes
ac_cv_header_inttypes_h=yes
ac_cv_header_memory_h=yes
ac_cv_header_stdc=yes
ac_cv_header_stdint_h=yes
ac_cv_header_stdlib_h=yes
ac_cv_header_string_h=yes
ac_cv_header_strings_h=yes
ac_cv_header_sys_stat_h=yes
ac_cv_header_sys_types_h=yes
ac_cv_header_unistd_h=yes
ac_cv_host=x86_64-unknown-linux-gnu
ac_cv_lib_c_open=yes
ac_cv_lib_curses___tgetent=no
ac_cv_lib_elf_elf_version=no
ac_cv_lib_gen_regcmp=no
ac_cv_lib_m_sin=yes
ac_cv_lib_mytinfo___tgetent=no
ac_cv_lib_ncurses___tgetent=no
ac_cv_lib_termcap___tgetent=no
ac_cv_lib_terminfo___tgetent=no
ac_cv_lib_termlib___tgetent=no
ac_cv_lib_y_yyerror=no
ac_cv_objext=o
ac_cv_path_EGREP='/usr/bin/grep -E'
ac_cv_path_GREP=/usr/bin/grep
ac_cv_path_RSH=/usr/bin/rsh
ac_cv_path_SH=/usr/bin/sh
ac_cv_path_install='/usr/bin/install -c'
ac_cv_path_mkdir=/usr/bin/mkdir
ac_cv_prog_AWK=mawk
ac_cv_prog_COMPRESS=gzip
ac_cv_prog_CPP='gcc -E'
ac_cv_prog_CXXCPP='g++ -E'
ac_cv_prog_DEBUGGER=gdb
ac_cv_prog_DIFF=diff
ac_cv_prog_GCORE=gcore
ac_cv_prog_LPR=lp
ac_cv_prog_PERL=perl
ac_cv_prog_SED=sed
ac_cv_prog_TAR=tar
ac_cv_prog_UNCOMPRESS=gzip
ac_cv_prog_XFONTSEL=xfontsel
ac_cv_prog_ac_ct_AR=ar
ac_cv_prog_ac_ct_CC=gcc
ac_cv_prog_ac_ct_CXX=g++
ac_cv_prog_ac_ct_RANLIB=ranlib
ac_cv_prog_ac_ct_STRIP=strip
ac_cv_prog_cc_c89=
ac_cv_prog_cc_g=yes
ac_cv_prog_cxx_g=yes
ac_cv_prog_f77_g=no
ac_cv_prog_make_make_set=yes
ac_cv_search_strerror='none required'
ac_cv_target=x86_64-unknown-linux-gnu
am_cv_CC_dependencies_compiler_type=gcc3
am_cv_CXX_dependencies_compiler_type=gcc3
ice_cv_cxx_isystem=yes
ice_cv_cxx_problematic_version=no
ice_cv_have_array_operator_new=yes
ice_cv_have_attribute_noreturn=yes
ice_cv_have_bool=yes
ice_cv_have_builtin_expect=yes
ice_cv_have_exceptions=yes
ice_cv_have_explicit=yes
ice_cv_have_long_long=yes
ice_cv_have_mutable=yes
ice_cv_have_namespace=yes
ice_cv_have_new_casts=yes
ice_cv_have_placement_new=yes
ice_cv_have_pretty_function=yes
ice_cv_have_std_exceptions=yes
ice_cv_have_typeinfo=yes
ice_cv_minimal_toc=no
ice_cv_permissive=yes
ice_cv_prog_cc=yes
ice_cv_prog_cxx=yes
ice_cv_traditional_cpp='gcc -E'
ice_cv_trigraphs=yes
ice_cv_warn_effective_cxx=yes
ice_cv_warn_uninitialized=yes
lt_cv_deplibs_check_method=pass_all
lt_cv_file_magic_cmd='$MAGIC_CMD'
lt_cv_file_magic_test_file=
lt_cv_ld_reload_flag=-r
lt_cv_objdir=.libs
lt_cv_path_LD=/usr/bin/ld
lt_cv_path_LDCXX='/usr/bin/ld -m elf_x86_64'
lt_cv_path_NM='/usr/bin/nm -B'
lt_cv_path_SED=/usr/bin/sed
lt_cv_prog_compiler_c_o=yes
lt_cv_prog_compiler_c_o_CXX=yes
lt_cv_prog_compiler_c_o_F77=no
lt_cv_prog_compiler_pic_works=yes
lt_cv_prog_compiler_pic_works_CXX=yes
lt_cv_prog_compiler_pic_works_F77=no
lt_cv_prog_compiler_rtti_exceptions=no
lt_cv_prog_compiler_static_works=yes
lt_cv_prog_compiler_static_works_CXX=yes
lt_cv_prog_compiler_static_works_F77=no
lt_cv_prog_gnu_ld=yes
lt_cv_prog_gnu_ldcxx=yes
lt_cv_sys_global_symbol_pipe='sed -n -e '\''s/^.*[ 	]\([ABCDGIRSTW][ABCDGIRSTW]*\)[ 	][ 	]*\([_A-Za-z][_A-Za-z0-9]*\)$/\1 \2 \2/p'\'''
lt_cv_sys_global_symbol_to_c_name_address='sed -n -e '\''s/^: \([^ ]*\) $/  {\"\1\", (lt_ptr) 0},/p'\'' -e '\''s/^[BCDEGRST] \([^ ]*\) \([^ ]*\)$/  {"\2", (lt_ptr) \&\2},/p'\'''
lt_cv_sys_global_symbol_to_cdecl='sed -n -e '\''s/^. .* \(.*\)$/extern int \1;/p'\'''
lt_cv_sys_lib_dlsearch_path_spec='/lib /usr/lib /usr/lib/x86_64-linux-gnu/libfakeroot /usr/local/lib /usr/local/lib/x86_64-linux-gnu /lib/x86_64-linux-gnu /usr/lib/x86_64-linux-gnu '
lt_cv_sys_lib_search_path_spec='/usr/lib/gcc/x86_64-linux-gnu/8 /usr/lib/x86_64-linux-gnu /usr/lib /lib/x86_64-linux-gnu /lib'
lt_cv_sys_max_cmd_len=1572864
lt_lt_cv_prog_compiler_c_o='"yes"'
lt_lt_cv_prog_compiler_c_o_CXX='"yes"'
lt_lt_cv_prog_compiler_c_o_F77='"no"'
lt_lt_cv_sys_global_symbol_pipe='"sed -n -e '\''s/^.*[ 	]\\([ABCDGIRSTW][ABCDGIRSTW]*\\)[ 	][ 	]*\\([_A-Za-z][_A-Za-z0-9]*\\)\$/\\1 \\2 \\2/p'\''"'
lt_lt_cv_sys_global_symbol_to_c_name_address='"sed -n -e '\''s/^: \\([^ ]*\\) \$/  {\\\"\\1\\\", (lt_ptr) 0},/p'\'' -e '\''s/^[BCDEGRST] \\([^ ]*\\) \\([^ ]*\\)\$/  {\"\\2\", (lt_ptr) \\&\\2},/p'\''"'
lt_lt_cv_sys_global_symbol_to_cdecl='"sed -n -e '\''s/^. .* \\(.*\\)\$/extern int \\1;/p'\''"'

## ----------------- ##
## Output variables. ##
## ----------------- ##

ACLOCAL='${SHELL} /home/trevorba/Documents/os/ddd-3.3.12/missing --run aclocal-1.10'
AMDEPBACKSLASH='\'
AMDEP_FALSE='#'
AMDEP_TRUE=''
AMTAR='${SHELL} /home/trevorba/Documents/os/ddd-3.3.12/missing --run tar'
AR='ar'
AUTOCONF='${SHELL} /home/trevorba/Documents/os/ddd-3.3.12/missing --run autoconf'
AUTOHEADER='${SHELL} /home/trevorba/Documents/os/ddd-3.3.12/missing --run autoheader'
AUTOMAKE='${SHELL} /home/trevorba/Documents/os/ddd-3.3.12/missing --run automake-1.10'
AWK='mawk'
BIG_TOC=''
CC='gcc'
CCDEPMODE='depmode=gcc3'
CFLAGS='-g -O2'
COMPFACE=''
COMPRESS='gzip -c -9'
CPP='gcc -E'
CPPFLAGS=''
CPP_TRADITIONAL='gcc -E'
CXX='g++'
CXXCPP='g++ -E'
CXXDEBUG='-g'
CXXDEPMODE='depmode=gcc3'
CXXDYNAMIC_BINDING='-Bdynamic'
CXXFLAGS='-g -O2'
CXXLIBS=''
CXXOPT=' -O2'
CXXSTATIC_BINDING='-Bstatic'
CXXSTUFF=' -trigraphs'
CXXWARNINGS='-Wall -W -Wwrite-strings'
CYGPATH_W='echo'
DDD='DDD'
DEBUGGER='gdb'
DEBUGGER_OPTION=''
DEFS=''
DELETE_CR='cat'
DEPDIR='.deps'
DIFF='diff'
DSYMUTIL=''
Ddd='Ddd'
ECHO='echo'
ECHO_C=''
ECHO_N='-n'
ECHO_T=''
EGREP='/usr/bin/grep -E'
EXEEXT=''
EXPIRES=''
F77='g77'
FFLAGS='-g'
GCORE='gcore'
GCORE_COMMAND='gcore -o @FILE@ @PID@'
GREP='/usr/bin/grep'
INSTALL_DATA='${INSTALL} -m 644'
INSTALL_PROGRAM='${INSTALL}'
INSTALL_SCRIPT='${INSTALL}'
INSTALL_STRIP_PROGRAM='$(install_sh) -c -s'
ISYSTEM='-isystem '
LDFLAGS=''
LEX='${SHELL} /home/trevorba/Documents/os/ddd-3.3.12/missing --run flex'
LEXLIB=''
LEX_OUTPUT_ROOT=''
LFLAGS=''
LIBC='-lc'
LIBELF=''
LIBGEN=''
LIBM='-lm'
LIBNSL=''
LIBOBJS=''
LIBREADLINE=''
LIBRX=''
LIBS=''
LIBSOCKET=''
LIBTERMCAP=''
LIBTOOL='$(SHELL) $(top_builddir)/libtool'
LIBY=''
LN_S='ln -s'
LPR='lp'
LTLIBOBJS=''
M4=''
MAKEINFO='${SHELL} /home/trevorba/Documents/os/ddd-3.3.12/missing --run makeinfo'
MINIMAL_TOC=''
NICKNAME='Dale Head'
NMEDIT=''
OBJEXT='o'
PACKAGE='ddd'
PACKAGE_BUGREPORT='ddd@gnu.org'
PACKAGE_NAME='ddd'
PACKAGE_STRING='ddd 3.3.12'
PACKAGE_TARNAME='ddd'
PACKAGE_VERSION='3.3.12'
PATH_SEPARATOR=':'
PERL='perl'
PERMISSIVE='-fpermissive'
PRINT_COMMAND='lp -c'
RANLIB='ranlib'
RPATH=''
RSH='/usr/bin/rsh'
SED='/usr/bin/sed'
SET_MAKE=''
SH='/usr/bin/sh'
SHELL='/bin/bash'
STRIP='strip'
TAR='tar'
TRANSLATIONS=''
TRIGRAPHS='-trigraphs'
UNCOMPRESS='gzip -d -c'
VERSION='3.3.12'
WARN_EFFECTIVE_CXX='-Weffc++'
WARN_NO_EFFECTIVE_CXX='-Wno-effc++'
WARN_NO_UNINITIALIZED='-Wno-uninitialized'
WARN_UNINITIALIZED='-Wuninitialized'
X11_LIBS=''
XAW_LIBS=''
XBM2XFACE='false'
XEXT_LIBS=''
XFONTSEL='xfontsel'
XMKMF=''
XMU_LIBS=''
XM_LIBS=''
XPM_LIBS=''
XP_LIBS=''
XS_DEBUG_INFO=''
XTERM='xterm'
XT_LIBS=''
X_CFLAGS=''
X_EXTRA_LIBS=''
X_LIBS=''
X_PERMISSIVE=''
X_PRE_LIBS=''
YACC='yacc'
YFLAGS=''
ac_ct_CC='gcc'
ac_ct_CXX='g++'
ac_ct_F77=''
am__fastdepCC_FALSE='#'
am__fastdepCC_TRUE=''
am__fastdepCXX_FALSE='#'
am__fastdepCXX_TRUE=''
am__include='include'
am__isrc=''
am__leading_dot='.'
am__quote=''
am__tar='${AMTAR} chof - "$$tardir"'
am__untar='${AMTAR} xf -'
bindir='${exec_prefix}/bin'
build='x86_64-unknown-linux-gnu'
build_alias=''
build_cpu='x86_64'
build_os='linux-gnu'
build_vendor='unknown'
datadir='${datarootdir}'
datarootdir='${prefix}/share'
ddd='ddd'
docdir='${datarootdir}/doc/${PACKAGE_TARNAME}'
dvidir='${docdir}'
exec_prefix='NONE'
host='x86_64-unknown-linux-gnu'
host_alias=''
host_cpu='x86_64'
host_os='linux-gnu'
host_vendor='unknown'
htmldir='${docdir}'
includedir='${prefix}/include'
infodir='${datarootdir}/info'
install_sh='$(SHELL) /home/trevorba/Documents/os/ddd-3.3.12/install-sh'
libdir='${exec_prefix}/lib'
libexecdir='${exec_prefix}/libexec'
localedir='${datarootdir}/locale'
localstatedir='${prefix}/var'
mandir='${datarootdir}/man'
mkdir_p='/usr/bin/mkdir -p'
oldincludedir='/usr/include'
pdfdir='${docdir}'
prefix='NONE'
program_transform_name='s,x,x,'
psdir='${docdir}'
sbindir='${exec_prefix}/sbin'
sharedstatedir='${prefix}/com'
sysconfdir='${prefix}/etc'
target='x86_64-unknown-linux-gnu'
target_alias=''
target_cpu='x86_64'
target_os='linux-gnu'
target_vendor='unknown'

## ----------- ##
## confdefs.h. ##
## ----------- ##

#define PACKAGE_NAME "ddd"
#define PACKAGE_TARNAME "ddd"
#define PACKAGE_VERSION "3.3.12"
#define PACKAGE_STRING "ddd 3.3.12"
#define PACKAGE_BUGREPORT "ddd@gnu.org"
#define PACKAGE "ddd"
#define VERSION "3.3.12"
#define HAVE_BOOL 1
#define HAVE_EXPLICIT 1
#define HAVE_MUTABLE 1
#define HAVE_EXCEPTIONS 1
#define HAVE_STD_EXCEPTIONS 1
#define HAVE_NAMESPACE 1
#define HAVE_TYPEINFO 1
#define HAVE_LONG_LONG 1
#define HAVE_PRETTY_FUNCTION 1
#define HAVE_ARRAY_OPERATOR_NEW 1
#define HAVE_PLACEMENT_NEW 1
#define HAVE_NEW_CASTS 1
#define HAVE_ATTRIBUTE_NORETURN 1
#define HAVE_BUILTIN_EXPECT 1
#define STDC_HEADERS 1
#define HAVE_SYS_TYPES_H 1
#define HAVE_SYS_STAT_H 1
#define HAVE_STDLIB_H 1
#define HAVE_STRING_H 1
#define HAVE_MEMORY_H 1
#define HAVE_STRINGS_H 1
#define HAVE_INTTYPES_H 1
#define HAVE_STDINT_H 1
#define HAVE_UNISTD_H 1
#define HAVE_DLFCN_H 1

configure: exit 1
